[] [INFO] === Ralph Loop Started ===
[] [INFO] === Ralph Loop Started ===
[] [INFO] === Ralph Loop Started ===
[] [INFO] === Ralph Loop Started ===
[] [INFO] === Ralph Loop Started ===
[] [INFO] === Ralph Loop Started ===
[2026-05-12 23:15:02] [INFO] === Ralph Loop Started ===
[2026-05-12 23:15:20] [INFO] === Ralph Loop Started ===
[2026-05-12 23:16:53] [INFO] === Ralph Loop Started ===
[2026-05-12 23:19:08] [INFO] === Ralph Loop Started ===
[2026-05-12 23:19:11] [INFO] === Ralph Loop Started ===
[2026-05-12 23:19:19] [INFO] === Ralph Loop Started ===
[2026-05-12 23:19:42] [INFO] === Ralph Loop Started ===
[2026-05-12 23:19:42] [INFO] Prompt: .kiro/PROMPT.md, Timeout: 15m
[2026-05-12 23:19:56] [INFO] === Ralph Loop Started ===
[2026-05-12 23:19:56] [INFO] Prompt: .kiro/PROMPT.md, Timeout: 15m
[2026-05-12 23:20:09] [INFO] === Ralph Loop Started ===
[2026-05-12 23:20:09] [INFO] Prompt: .kiro/PROMPT.md, Timeout: 15m
[2026-05-12 23:23:26] [INFO] === Ralph Loop Started ===
[2026-05-12 23:23:26] [INFO] Prompt: .kiro/PROMPT.md, Timeout: 15m
[2026-05-12 23:26:03] [INFO] === Ralph Loop Started ===
[2026-05-12 23:26:03] [INFO] Prompt: .kiro/PROMPT.md, Timeout: 15m
[2026-05-12 23:26:55] [INFO] === Ralph Loop Started ===
[2026-05-12 23:26:55] [INFO] Prompt: .kiro/PROMPT.md, Timeout: 15m
[2026-05-12 23:26:59] [INFO] === Ralph Loop Started ===
[2026-05-12 23:26:59] [INFO] Prompt: .kiro/PROMPT.md, Timeout: 15m
[2026-05-12 23:27:02] [INFO] === Ralph Loop Started ===
[2026-05-12 23:27:02] [INFO] Prompt: .kiro/PROMPT.md, Timeout: 15m
[2026-05-12 23:27:07] [INFO] === Ralph Loop Started ===
[2026-05-12 23:27:07] [INFO] Prompt: .kiro/PROMPT.md, Timeout: 15m
[2026-05-12 23:27:09] [INFO] === Ralph Loop Started ===
[2026-05-12 23:27:09] [INFO] Prompt: .kiro/PROMPT.md, Timeout: 15m
[2026-05-12 23:27:38] [INFO] === Ralph Loop Started ===
[2026-05-12 23:27:38] [INFO] Prompt: .kiro/PROMPT.md, Timeout: 15m
[2026-05-12 23:27:38] [INFO] --- Loop 1 ---
[2026-05-12 23:27:38] [ERROR] Circuit breaker is OPEN - stopping
[2026-05-12 23:27:38] [INFO] === Ralph Loop Ended (1 loops) ===
[2026-05-12 23:27:55] [INFO] === Ralph Loop Started ===
[2026-05-12 23:27:55] [INFO] Prompt: .kiro/PROMPT.md, Timeout: 15m
[2026-05-12 23:27:55] [INFO] --- Loop 1 ---
[2026-05-12 23:27:55] [INFO] Starting kiro-cli execution (timeout: 15m)
[2026-05-12 23:27:55] [INFO] Command: kiro-cli chat --no-interactive --trust-all-tools
